[
  "RealImage/go-ipfs-api",
  "subuser-security/repeatr",
  "dodopeng/lantern",
  "sysbot/go-ipfs",
  "daxxcoin/daxxcore",
  "luodanwg/DNA",
  "shahankhatch/go-ethereum",
  "xenioplatform/go-xenio",
  "shaunstanislaus/go-ipfs",
  "whyrusleeping/gx",
  "zippy/go-libp2p",
  "icochico/anglova",
  "kpcyrd/go-ipfs",
  "gianrubio/prometheus-operator",
  "glasser/golang-tools",
  "Nuos/lantern",
  "qiancy/lantern",
  "mahak/origin",
  "kustomzone/eris-cli",
  "stefanhans/go-present",
  "CrunchyData/dnsbridge",
  "Spaciblo/spaciblo-core",
  "MichalPokorny/go-ipfs",
  "orktes/huealexa",
  "jackkleeman/openbazaar-go",
  "getamis/go-ethereum",
  "rjeczalik/koding",
  "jdhenke/tools",
  "ubuntuvim/lantern",
  "diasdavid/go-ipfs",
  "pschlump/mon-alive",
  "vsekhar/elastic-go",
  "illya13/ethermint",
  "Huangyan9188/go-ipfs",
  "ConsenSys/Flare",
  "Kubuxu/go-ds-bench",
  "hferentschik/origin",
  "pravisankar/origin",
  "jbenet/go-multihash",
  "akkakks/lantern",
  "polydawn/refmt",
  "acbodine/koding",
  "zmywly8866/lantern",
  "pivotal-cf-experimental/bosh-bootloader",
  "whyrusleeping/go-multiplex",
  "jiangxichaoll/lantern",
  "szkl/koding",
  "bparees/origin",
  "deads2k/origin",
  "glycerine/libzipfs",
  "wking/go-ipfs",
  "EnMasseProject/enmasse",
  "runcom/tools",
  "jvassev/image2ipfs",
  "gocode/epubviewer",
  "dloa/media-protocol",
  "chen-anders/coreos-kubernetes",
  "danielfranca/BITNATION-Panthalassa",
  "Kycklingar/ipfs-crdt",
  "wangg12/lantern",
  "cpacia/openbazaar-go",
  "Ajunboys/lantern",
  "dontpanicgr/BookBrowser",
  "syreclabs/go-tools",
  "turbonomic/coreos-kubernetes",
  "koding/koding",
  "pialin/lantern",
  "JasonSu/lantern",
  "ManyCoin/ManyCoin",
  "square/keywhiz-fs",
  "kevina/go-ipfs",
  "pschlump/Go-FTL",
  "kalmi/gx",
  "chenjianlong/go.tools",
  "myitcv/sorter",
  "Minghi/lantern",
  "rht/go-datastore",
  "8limbs/gotools",
  "tardisgo/tardisgo-samples",
  "tyrchen/lantern",
  "Bo-Ye/go-ethereum",
  "tylerb/go-misc",
  "jweslley/dogpack",
  "jsafrane/origin",
  "tsileo/blobfs",
  "benjaminbollen/eris-db",
  "lab2528/go-oneTime",
  "lovelonger/lantern",
  "danmcp/origin",
  "remp2020/remp",
  "semaphoresuccess/test-reporter",
  "glycerine/rogue",
  "monax/monax",
  "zmcadam/lantern",
  "zw532781787/lantern",
  "Quiark/go-ipfs",
  "insionng/yougam",
  "polydawn/go-xlate",
  "adrusi/go-ipfs",
  "jackwakefield/go-kit-fabricate",
  "JacobTanenbaum/origin",
  "atcsecure/go-ipfs",
  "usirin/koding",
  "mysll/flynet",
  "trust-tech/go-trustmachine",
  "sdminonne/origin",
  "sinan/koding",
  "ThalesIgnite/go-swagger",
  "whyrusleeping/libp2p-examples",
  "WilliButz/go-ipfs",
  "noffle/ipget",
  "crobby/oshinko-cli",
  "eris-ltd/eris-db",
  "kkroening/repeatr",
  "dgoodwin/origin",
  "unrealinux/FinancialDataCrawlingPlatform",
  "markllama/origin",
  "mildred/go-ipfs",
  "sroerick/go-ipfs",
  "swordstick/mysql-databus",
  "nicot/tools",
  "radanalyticsio/oshinko-cli",
  "CTCDEVTEAM/adtonethereum",
  "amarruedo/coreos-kubernetes",
  "owulveryck/toscalib",
  "osrg/namazu",
  "kmingee/lantern",
  "ChenZeXian/lantern",
  "markya0616/go-ethereum",
  "kingsi-goderia/go-ethereum",
  "jbenet/go-datastore",
  "modong/go-ipfs",
  "nikedog/lantern",
  "ali-rantakari/Sanat",
  "pombredanne/vcsstore",
  "SampleLiao/lantern",
  "jenmalloy/enmasse",
  "soltysh/origin",
  "ericxtang/livepeer-libp2p-spike",
  "kangwl/lantern",
  "pitatensai/lantern",
  "yurizhykin/openbazaar-go",
  "Luzifer/go-ipfs",
  "fsxchen/lantern",
  "charlievieth/GoSubl",
  "wangluinc/ethermint",
  "whyrusleeping/gx-go",
  "tooooolong/go-ethereum",
  "webwlsong/lantern",
  "OpenBazaar/go-ipfs",
  "OpenBazaar/openbazaar-go",
  "drewsetski/koding",
  "ShengQiangLiu/lantern",
  "koo1411/lantern",
  "cmhc/lantern",
  "bnea-engineering/coreos-kubernetes",
  "rosstzc/lantern",
  "thomas995/GO-Group-Web-App",
  "dobbymoodge/origin",
  "moooy/lantern",
  "mattn/ccat",
  "untoldone/bloomapi",
  "bconfais/go-ipfs",
  "blackzid/go-ethereum",
  "ungerik/go-fs",
  "ForrestWeston/go-ipfs",
  "q1ang/lantern",
  "twitchyliquid64/subnet",
  "bygloam/lantern",
  "johnny-morrice/godless",
  "Eva-xiaohui-luo/opa",
  "mrosset/via",
  "bussiere/go-ipfs",
  "jchown/abe",
  "joao-parana/asciinema",
  "shadoxx/go-ipfs",
  "Quantomicus/go-ipfs",
  "lfckop/lantern",
  "status-im/status-go",
  "RobertSun/lantern",
  "BooniesFX/DNA",
  "ckeenan/go-ipfs",
  "tmc/mirror-go.tools",
  "kuun/lantern",
  "taohaoge/lantern",
  "legionus/origin",
  "klauspost/go-ipfs",
  "apiarian/go-ipgs",
  "ipfs/go-blocks",
  "anpingli/origin",
  "sourcegraph/srclib-docker",
  "insionng/go-ipfs",
  "tnozicka/origin",
  "jeremyeder/origin",
  "VikingDen/lantern",
  "ion1/go-ipfs",
  "ramr/origin",
  "webfd/go-zh.tools",
  "whyrusleeping/go-multiaddr",
  "JustinDrake/openbazaar-go",
  "csrwng/origin",
  "ilovelili/Katja",
  "Stebalien/go-ipfs",
  "whyrusleeping/distribution",
  "xswm1123/lantern",
  "b3ntly/twelvefactor",
  "a233894432/gowork",
  "ryanj/origin",
  "osrg/earthquake",
  "travisperson/go-ipfs",
  "chriscool/go-ipfs",
  "juanvallejo/origin",
  "mrogers950/origin",
  "dborzov/ipfs-commands",
  "kejace/go-ethereum",
  "miminar/origin",
  "srikumarks/go-ipfs",
  "mediachain/concat",
  "elyscape/origin",
  "mertaytore/koding",
  "whyrusleeping/query-vis",
  "argandas/tools",
  "cpuguy83/kvfs",
  "logonod/lantern",
  "childsb/origin",
  "dangwy/lantern",
  "linzhaoming/origin",
  "superJinQing/DNA",
  "dubaicoin-dbix/go-dubaicoin",
  "matryer/tools",
  "Zhangziyang14/lantern",
  "noeleon930/go-ethereum",
  "wking/docker-distribution",
  "ZhangKuixun/lantern",
  "lattera/go.tools",
  "dinhxuanvu/origin",
  "Ardusensor/server_backend",
  "gogank/papillon",
  "nchabra/go-ipfs",
  "gedw99/gitty",
  "silasdavis/burrow",
  "hsanjuan/go-libp2p-rpc",
  "xiuwang/origin",
  "TNTest/lantern",
  "ah45/coreos-kubernetes",
  "jwhonce/origin",
  "eris-ltd/eris-cli",
  "taojuntjpp/lantern",
  "etherite/go-etherite",
  "aviau/go-ipfs",
  "gubatron/openbazaar-go",
  "whyrusleeping/decerver-interfaces",
  "alex-ionochkin/koding",
  "benjaminbollen/burrow",
  "princearther/lantern",
  "t-yuki/go.tools.old",
  "red2901/gows",
  "timothyhinrichs/opa",
  "muzining/net",
  "GoogleCloudPlatform/k8s-sqldb-operator",
  "gregoriusxu/lantern",
  "raffaelespazzoli/origin",
  "coolhacks/docker-hacks",
  "kubeup/archon",
  "dpb1122/lantern",
  "cihangir/koding",
  "fangshili/lantern",
  "rschulman/go-ipfs",
  "oipwg/media-protocol",
  "jirwin/quadlek",
  "noikiy/lantern",
  "wan-qy/lantern",
  "jefhe2005/ipfs",
  "hoffmabc/openbazaar-go",
  "CJstar/lantern",
  "pachyderm/pfs",
  "whyrusleeping/datastore.go",
  "burnoutcoin/go-burnout",
  "Nepal-Blockchain/go-ethereum",
  "sbruce/go-ipfs",
  "GoogleCloudPlatform/k8s-multicluster-ingress",
  "ehd/go-ipfs",
  "AFDudley/afd-common",
  "citwild/wfe",
  "Ryezhang/lantern",
  "dylanPowers/go-ipfs",
  "crazypoo/lantern",
  "IDKA/coreos-kubernetes",
  "nebulasio/go-nebulas",
  "dreamfly281/DNA",
  "confiks/ipfs-dc",
  "kubeflow/xgboost-operator",
  "noffle/fallback-ipfs-shell",
  "onlynight/lantern",
  "mfojtik/origin",
  "marten-seemann/go-libp2p-conn",
  "tsandall/opa",
  "kobigurk/go-ethereum",
  "keltia/go-ipfs",
  "sunfmin/godoc2readme",
  "noffle/ipcat",
  "ARwMq9b6/dnsproxy",
  "zeebo/tools",
  "wolf20xx/goslide_sample",
  "slowtokyo/eris-cli",
  "libp2p/go-libp2p",
  "Alchemist-coin/go-alchemist",
  "microlib/usermanager",
  "whatts/lantern",
  "tmckayus/oshinko-cli",
  "lozybean/lantern",
  "s111/rkv",
  "keybase/go-fuse",
  "shuxiaokai/lantern",
  "JustinDrake/go-ipfs",
  "enj/origin",
  "zballs/comit",
  "rhamilto/origin",
  "mclarkson/obdi",
  "matt-deboer/mpp",
  "gokmen/koding",
  "rht/go-ipfs",
  "keks/go-ipfs-colog",
  "jbenet/go-test-timesort",
  "alihalabyah/lantern",
  "nak3/origin",
  "liyuhao/lantern",
  "Qlova/ilang",
  "andrewjcasal/koding",
  "brancz/prometheus-operator",
  "kidinamoto01/abci",
  "pachyderm/pachyderm",
  "4honor/obdi",
  "eris-ltd/eris",
  "skyportsystems/go.tools",
  "polaris1119/go.tools",
  "lioonline/lantern",
  "shellygr/ECFChecker",
  "alist/mint-client",
  "seclorum/ios-go-ipfs",
  "ipfs-search/ipfs-search",
  "ykelvis/lantern",
  "maddyonline/tools",
  "WhaleCoinOrg/WhaleCoin",
  "cryptix/go-datastore",
  "TraceBundy/lantern",
  "ethersphere/go-ethereum",
  "myitcv/immutable",
  "angrilove/lantern",
  "vvelikodny/go-ethereum",
  "ipfs/ipget",
  "dror-g/openshift-3-postgres-example",
  "abutcher/origin",
  "monax/cli",
  "Neulinet/lantern",
  "LucilleH/go-ipfs",
  "golib/go.tools",
  "cp2017/go-client",
  "athom/go.tools",
  "42cc/go-ipfs-api",
  "antonio2718/go-ipfs",
  "cryptix/ipget",
  "torarnv/go-ipfs",
  "dsidler/fpgamemcache",
  "sahib/go-ipfs",
  "jdhenke/golang-zipfs-error-repro",
  "lsk-kun/lantern",
  "newbiecoming/lantern",
  "DavidHowlett/go-ipfs",
  "clownpriest/trinity",
  "xdkoooo/lantern",
  "kwagdy/koding-1",
  "adamluo159/go",
  "kidaa/lantern",
  "rjl493456442/go-ethereum",
  "sonm-io/core",
  "limres/coreos-kubernetes",
  "jbenet/go-multiaddr",
  "bigdata207/ipfsapp",
  "willjunspecial/lantern",
  "PI-Victor/origin",
  "jirwin/ipfs-archive",
  "kirning/lantern",
  "duomarket/openbazaar-test-nodes",
  "spexp/zipfs",
  "ipfs/go-libp2p",
  "alvarojoao/lantern",
  "four43/coreos-kubernetes",
  "miolini/go-ipfs",
  "atomotic/deepzoom-osd-server",
  "melice/lantern",
  "csasarak/go-ipfs",
  "dharmeshkakadia/eris",
  "meta-network/go-meta",
  "vdemeester/docker-volume-ipfs",
  "chaitanyav/go",
  "danmane/abalone",
  "karma23/lantern",
  "coreydaley/origin",
  "4ad/tools",
  "livepeer/go-livepeer",
  "yunhappy/lantern",
  "to6ka/go-queryset",
  "geek1011/BookBrowser",
  "myitcv/react",
  "sg00dwin/origin",
  "jim-minter/origin",
  "wha000tif/lantern",
  "mantyr/go-ipfs",
  "farazdagi/status-go",
  "Jellyfrog/asciinema",
  "turbotardigrade/agora-curation",
  "Kubuxu/go-ipfs",
  "MrSparc/go-ipfs",
  "WeMeetAgain/go-ipfs",
  "variadico/etercli",
  "qtproject/qtqa-gerrit",
  "GerryG/holochain",
  "kelvine/lantern",
  "php-coder/origin",
  "kalmi/ipfs-alt-sync",
  "jszwedko/ec2-metadatafs",
  "blindlf/lantern",
  "kobigurk/tmsp-ethereum",
  "zach-klippenstein/adbfs",
  "maran/go-ethereum",
  "djbarber/ipfs-hack",
  "ironcladlou/origin",
  "jbenet/go-peerstream",
  "gluk256/go-ethereum",
  "Tachiguishi/lantern",
  "davidar/go-ipfs",
  "ipfs-filestore/go-ipfs",
  "upmc-enterprises/elasticsearch-operator",
  "spkg/zipfs",
  "silasdavis/eris-db",
  "smaty1/lantern",
  "tswindell/go-ipfs",
  "maichain/listener",
  "danoctavian/go-ipfs",
  "beealone/lantern",
  "t3573393/lantern",
  "cockroachdb/loadgen",
  "Denniskevin/lantern",
  "Getline-Network/getline",
  "imcsk8/origin",
  "peersafe/go-ipfs",
  "dmitris/tools",
  "RealImage/go-ipfs",
  "audreylim/go-presenter",
  "gabemontero/origin",
  "fpgasystems/caribou",
  "getblank/blank-sr",
  "metacurrency/holochain",
  "adrianbrink/tendereum",
  "42cc/evox",
  "ofllm/lantern",
  "imcoddy/lantern",
  "david415/go-ipfs",
  "juztamau5/go-ipfs",
  "junyug/lantern",
  "tumdum/snapshot_fs",
  "heems/go-ipfs",
  "nhr/origin",
  "david415/go-multiaddr-net",
  "wjiangjay/origin",
  "cryptix/git-remote-ipfs",
  "sferich888/origin",
  "palkeo/go-ipfs",
  "karmakaze/go.tools",
  "forrHuen/lantern",
  "liangxia/origin",
  "zhengq1/DNA",
  "danoctavian/ipfs-to-js",
  "AtnNn/go-ipfs",
  "apiend/web",
  "cw2018/tools",
  "springning/tools",
  "gambol99/config-store",
  "d0f/go-zh.tools",
  "vritxii/govirus",
  "xlaser/lantern",
  "kargakis/origin",
  "qingche123/DNA",
  "leaves615/lantern",
  "micahaza/go-ethereum",
  "moreati/go-ipfs",
  "zhouziyan/DNA",
  "Batterfii/lantern",
  "tsavola/gate",
  "rajatchopra/origin",
  "danielfm/coreos-kubernetes",
  "MichaelMure/go-ipfs",
  "abhishekgahlot/lantern",
  "liufeiit/go-ipfs",
  "dqw18037/lantern",
  "libp2p/go-libp2p-kad-dht",
  "hhua/lantern",
  "jessiex/lantern",
  "GerritCodeReview/gerrit",
  "codeclimate/test-reporter",
  "whyrusleeping/mafmt",
  "mozilla-services/FindMyDevice",
  "zengbo/go.tools",
  "GoogleCloudPlatform/airflow-operator",
  "418704194/lantern",
  "snakeleon/YouCompleteMe-x64",
  "MinFu/lantern",
  "monax/hoard",
  "bryanxu/go-zh.tools",
  "cmars/tools",
  "luciddreamz/origin",
  "aveshagarwal/origin",
  "QuChunhe/lantern",
  "whyrusleeping/iptb",
  "hlandau/degoutils",
  "ywzw2013/lantern",
  "peoples-cloud/pc",
  "sshetty10/tools",
  "shuoli84/lantern",
  "MingYueRuYa/lantern",
  "WaybackMachine/lantern",
  "str1ngs/ipfs-perm",
  "Yuka-kkk/ethereum2017",
  "zif/zif",
  "whilei/go-ethereum",
  "am2rican5/go-ethereum",
  "mgumz/knut",
  "jean/lantern",
  "DNAProject/DNA",
  "sallyom/origin",
  "jpitts/go-ethereum",
  "thelinuxkid/distribution",
  "dokterbob/ipfs-search",
  "KublaikhanGeek/lantern",
  "gatesvp/go-ipfs",
  "dolotech/bullfight",
  "goneout/lantern",
  "ianopolous/go-ipfs",
  "raiseking/lantern",
  "maxamillion/origin",
  "sjug/origin",
  "tumblr/gocircuit",
  "david415/go-multiaddr",
  "NoteGio/openrelay",
  "czh0526/ipfs",
  "google/blue-green-deployment-controller",
  "allanlw/zipserve",
  "jp1017/lantern",
  "roceys/lantern",
  "openshift/origin",
  "sigma-random/asciinema",
  "disorganizer/brig",
  "sourcegraph/go-langserver",
  "WTIFS/lantern",
  "kubernetes-sigs/application",
  "open-policy-agent/opa",
  "sourcegraph/vcsstore",
  "llawall/go-ipfs",
  "code4/go-ipfs",
  "Alna132/GO-Group-Web-App",
  "eris-ltd/eris-compilers",
  "mdshuai/origin",
  "akram/origin",
  "mjanczyk/go-ipfs",
  "Firescar96/Flare",
  "archivers-space/archivers-api",
  "SpawnTree/HardCash-Fork",
  "jack89129/koding",
  "eris-ltd/lllc-server",
  "subailong/lantern",
  "josharian/tools",
  "peterkshultz/lantern",
  "json-structure/json-structure",
  "Lopastvertoleta/go-ethereum",
  "liggitt/origin",
  "jaakmusic/go-ethereum",
  "fader2/platform",
  "nuan-nuan/lantern",
  "a233894432/Golang-lesson",
  "etherbanking/go-etherbanking",
  "Jonavin/lantern",
  "locusf/go-ipfs",
  "yondonfu/go-ethereum",
  "zhengnanlee/lantern",
  "makevoid/go-ipfs",
  "thelinuxkid/go-ipfs",
  "wangdongming007/lantern",
  "RX14/go-ipfs",
  "pweil-/origin",
  "kyledrake/go-ipfs",
  "theultraduffmaster/GO-Group-Web-App",
  "spadgett/origin",
  "karalabe/go-ethereum",
  "willjunspecialcool/lantern",
  "Hidebush/lantern",
  "willglynn/go-ipfs",
  "jingweno/nut",
  "luinnx/lantern",
  "gp7485451/go-fuse",
  "todaylover/lantern",
  "magiccao/tools",
  "whyrusleeping/go-pbs",
  "endocode/coreos-kubernetes",
  "zhengq1/DNA-GYNSH",
  "AriseID/ariseid-core",
  "bas-vk/go-ethereum",
  "containers-tools/container-swiss-knife",
  "terranodo/tegola",
  "Caratpine/lantern",
  "TheCreeper/UselessLocker",
  "lgierth/go-ipfs",
  "wide-field-ethnography/wfe",
  "interfect/go-ipfs"
]