[
  "Quiark/go-ipfs",
  "peersafe/go-ipfs",
  "csasarak/go-ipfs",
  "AFDudley/afd-common",
  "tswindell/go-ipfs",
  "mildred/go-ipfs",
  "wking/go-ipfs",
  "aviau/go-ipfs",
  "diasdavid/go-ipfs",
  "willglynn/go-ipfs",
  "ion1/go-ipfs",
  "Huangyan9188/go-ipfs",
  "containers-tools/container-swiss-knife",
  "thelinuxkid/go-ipfs",
  "gubatron/openbazaar-go",
  "ehd/go-ipfs",
  "makevoid/go-ipfs",
  "yurizhykin/openbazaar-go",
  "atcsecure/go-ipfs",
  "ipfs-filestore/go-ipfs",
  "JustinDrake/go-ipfs",
  "gatesvp/go-ipfs",
  "ckeenan/go-ipfs",
  "livepeer/go-livepeer",
  "duomarket/openbazaar-test-nodes",
  "thelinuxkid/distribution",
  "danoctavian/go-ipfs",
  "antonio2718/go-ipfs",
  "sroerick/go-ipfs",
  "heems/go-ipfs",
  "Stebalien/go-ipfs",
  "palkeo/go-ipfs",
  "travisperson/go-ipfs",
  "jingweno/nut",
  "DavidHowlett/go-ipfs",
  "liufeiit/go-ipfs",
  "miolini/go-ipfs",
  "david415/go-ipfs",
  "keltia/go-ipfs",
  "MrSparc/go-ipfs",
  "jackkleeman/openbazaar-go",
  "moreati/go-ipfs",
  "ForrestWeston/go-ipfs",
  "shaunstanislaus/go-ipfs",
  "hoffmabc/openbazaar-go",
  "lgierth/go-ipfs",
  "nchabra/go-ipfs",
  "juztamau5/go-ipfs",
  "MichalPokorny/go-ipfs",
  "jefhe2005/ipfs",
  "adrusi/go-ipfs",
  "bconfais/go-ipfs",
  "davidar/go-ipfs",
  "rschulman/go-ipfs",
  "dylanPowers/go-ipfs",
  "rht/go-ipfs",
  "klauspost/go-ipfs",
  "sahib/go-ipfs",
  "WeMeetAgain/go-ipfs",
  "cpacia/openbazaar-go",
  "coolhacks/docker-hacks",
  "RX14/go-ipfs",
  "JustinDrake/openbazaar-go",
  "modong/go-ipfs",
  "maddyonline/tools",
  "bussiere/go-ipfs",
  "mjanczyk/go-ipfs",
  "4ad/tools",
  "code4/go-ipfs",
  "keybase/go-fuse",
  "mantyr/go-ipfs",
  "shadoxx/go-ipfs",
  "sysbot/go-ipfs",
  "LucilleH/go-ipfs",
  "insionng/go-ipfs",
  "AtnNn/go-ipfs",
  "llawall/go-ipfs",
  "srikumarks/go-ipfs",
  "torarnv/go-ipfs",
  "interfect/go-ipfs",
  "RealImage/go-ipfs",
  "djbarber/ipfs-hack",
  "kevina/go-ipfs",
  "kpcyrd/go-ipfs",
  "locusf/go-ipfs",
  "Kubuxu/go-ipfs",
  "sbruce/go-ipfs"
]